<?xml version="1.0" encoding="UTF-8"?>
<testng-results ignored="0" total="1" passed="1" failed="0" skipped="0">
  <reporter-output>
  </reporter-output>
  <suite started-at="2022-12-06T15:28:01 IST" name="Default suite" finished-at="2022-12-06T15:28:01 IST" duration-ms="51">
    <groups>
    </groups>
    <test started-at="2022-12-06T15:28:01 IST" name="Default test" finished-at="2022-12-06T15:28:01 IST" duration-ms="51">
      <class name="touristAPITest.JSONIteratorTest">
        <test-method signature="iteratorJSONTest()[pri:0, instance:touristAPITest.JSONIteratorTest@5fbdfdcf]" started-at="2022-12-06T15:28:01 IST" name="iteratorJSONTest" finished-at="2022-12-06T15:28:01 IST" duration-ms="14" status="PASS">
          <reporter-output>
          </reporter-output>
        </test-method> <!-- iteratorJSONTest -->
      </class> <!-- touristAPITest.JSONIteratorTest -->
    </test> <!-- Default test -->
  </suite> <!-- Default suite -->
</testng-results>
